::1 - - [24/Jul/2016:02:49:34 +0000] "GET / HTTP/1.1" 200 11 "-" "Mozilla/5.0 (Windows NT 6.1; WOW64) AppleWebKit/537.36 (KHTML, like Gecko) Chrome/51.0.2704.103 Safari/537.36"
::1 - - [24/Jul/2016:02:50:35 +0000] "GET / HTTP/1.1" 304 - "-" "Mozilla/5.0 (Windows NT 6.1; WOW64) AppleWebKit/537.36 (KHTML, like Gecko) Chrome/51.0.2704.103 Safari/537.36"
::1 - - [24/Jul/2016:02:50:52 +0000] "GET / HTTP/1.1" 304 - "-" "Mozilla/5.0 (Windows NT 6.1; WOW64) AppleWebKit/537.36 (KHTML, like Gecko) Chrome/51.0.2704.103 Safari/537.36"
::1 - - [24/Jul/2016:02:51:35 +0000] "GET / HTTP/1.1" 304 - "-" "Mozilla/5.0 (Windows NT 6.1; WOW64) AppleWebKit/537.36 (KHTML, like Gecko) Chrome/51.0.2704.103 Safari/537.36"
::1 - - [24/Jul/2016:02:53:39 +0000] "GET / HTTP/1.1" 304 - "-" "Mozilla/5.0 (Windows NT 6.1; WOW64) AppleWebKit/537.36 (KHTML, like Gecko) Chrome/51.0.2704.103 Safari/537.36"
::ffff:127.0.0.1 - - [24/Jul/2016:02:53:40 +0000] "GET / HTTP/1.1" 304 - "-" "Mozilla/5.0 (Windows NT 6.1; WOW64) AppleWebKit/537.36 (KHTML, like Gecko) Chrome/51.0.2704.103 Safari/537.36"
::1 - - [24/Jul/2016:02:54:16 +0000] "GET / HTTP/1.1" 200 20 "-" "Mozilla/5.0 (Windows NT 6.1; WOW64) AppleWebKit/537.36 (KHTML, like Gecko) Chrome/51.0.2704.103 Safari/537.36"
::1 - - [24/Jul/2016:02:54:32 +0000] "GET / HTTP/1.1" 304 - "-" "Mozilla/5.0 (Windows NT 6.1; WOW64) AppleWebKit/537.36 (KHTML, like Gecko) Chrome/51.0.2704.103 Safari/537.36"
::1 - - [24/Jul/2016:02:54:34 +0000] "GET / HTTP/1.1" 304 - "-" "Mozilla/5.0 (Windows NT 6.1; WOW64) AppleWebKit/537.36 (KHTML, like Gecko) Chrome/51.0.2704.103 Safari/537.36"
::1 - - [24/Jul/2016:02:54:41 +0000] "GET / HTTP/1.1" 200 21 "-" "Mozilla/5.0 (Windows NT 6.1; WOW64) AppleWebKit/537.36 (KHTML, like Gecko) Chrome/51.0.2704.103 Safari/537.36"
::1 - - [24/Jul/2016:02:55:09 +0000] "GET / HTTP/1.1" 304 - "-" "Mozilla/5.0 (Windows NT 6.1; WOW64) AppleWebKit/537.36 (KHTML, like Gecko) Chrome/51.0.2704.103 Safari/537.36"
::1 - - [24/Jul/2016:02:55:12 +0000] "GET / HTTP/1.1" 304 - "-" "Mozilla/5.0 (Windows NT 6.1; WOW64) AppleWebKit/537.36 (KHTML, like Gecko) Chrome/51.0.2704.103 Safari/537.36"
::1 - - [24/Jul/2016:02:55:44 +0000] "GET / HTTP/1.1" 304 - "-" "Mozilla/5.0 (Windows NT 6.1; WOW64) AppleWebKit/537.36 (KHTML, like Gecko) Chrome/51.0.2704.103 Safari/537.36"
::1 - - [24/Jul/2016:02:55:52 +0000] "GET / HTTP/1.1" 304 - "-" "Mozilla/5.0 (Windows NT 6.1; WOW64) AppleWebKit/537.36 (KHTML, like Gecko) Chrome/51.0.2704.103 Safari/537.36"
::1 - - [24/Jul/2016:02:56:03 +0000] "GET / HTTP/1.1" 304 - "-" "Mozilla/5.0 (Windows NT 6.1; WOW64) AppleWebKit/537.36 (KHTML, like Gecko) Chrome/51.0.2704.103 Safari/537.36"
::1 - - [24/Jul/2016:03:14:21 +0000] "GET / HTTP/1.1" 200 11 "-" "Mozilla/5.0 (Windows NT 6.1; WOW64) AppleWebKit/537.36 (KHTML, like Gecko) Chrome/51.0.2704.103 Safari/537.36"
::1 - - [24/Jul/2016:03:14:26 +0000] "GET /ddd HTTP/1.1" 500 1105 "-" "Mozilla/5.0 (Windows NT 6.1; WOW64) AppleWebKit/537.36 (KHTML, like Gecko) Chrome/51.0.2704.103 Safari/537.36"
::1 - - [24/Jul/2016:03:15:00 +0000] "GET /ddd HTTP/1.1" 500 1105 "-" "Mozilla/5.0 (Windows NT 6.1; WOW64) AppleWebKit/537.36 (KHTML, like Gecko) Chrome/51.0.2704.103 Safari/537.36"
::1 - - [24/Jul/2016:03:15:30 +0000] "GET /ddd HTTP/1.1" 500 1103 "-" "Mozilla/5.0 (Windows NT 6.1; WOW64) AppleWebKit/537.36 (KHTML, like Gecko) Chrome/51.0.2704.103 Safari/537.36"
::1 - - [24/Jul/2016:03:17:39 +0000] "GET /ddd HTTP/1.1" 200 14 "-" "Mozilla/5.0 (Windows NT 6.1; WOW64) AppleWebKit/537.36 (KHTML, like Gecko) Chrome/51.0.2704.103 Safari/537.36"
::1 - - [24/Jul/2016:03:17:53 +0000] "GET /test HTTP/1.1" 200 16 "-" "Mozilla/5.0 (Windows NT 6.1; WOW64) AppleWebKit/537.36 (KHTML, like Gecko) Chrome/51.0.2704.103 Safari/537.36"
::1 - - [24/Jul/2016:03:17:59 +0000] "GET /%E3%85%8B%E3%85%8B%E3%85%8B%E3%85%8B HTTP/1.1" 200 24 "-" "Mozilla/5.0 (Windows NT 6.1; WOW64) AppleWebKit/537.36 (KHTML, like Gecko) Chrome/51.0.2704.103 Safari/537.36"
::1 - - [24/Jul/2016:03:18:04 +0000] "GET /%ED%95%98%ED%95%98%ED%95%98%ED%95%98 HTTP/1.1" 200 24 "-" "Mozilla/5.0 (Windows NT 6.1; WOW64) AppleWebKit/537.36 (KHTML, like Gecko) Chrome/51.0.2704.103 Safari/537.36"
::1 - - [24/Jul/2016:03:48:37 +0000] "GET /form HTTP/1.1" 200 16 "-" "Mozilla/5.0 (Windows NT 6.1; WOW64) AppleWebKit/537.36 (KHTML, like Gecko) Chrome/51.0.2704.103 Safari/537.36"
::1 - - [24/Jul/2016:03:50:17 +0000] "GET /form HTTP/1.1" 500 1562 "-" "Mozilla/5.0 (Windows NT 6.1; WOW64) AppleWebKit/537.36 (KHTML, like Gecko) Chrome/51.0.2704.103 Safari/537.36"
::1 - - [24/Jul/2016:03:50:38 +0000] "GET /form HTTP/1.1" 500 1560 "-" "Mozilla/5.0 (Windows NT 6.1; WOW64) AppleWebKit/537.36 (KHTML, like Gecko) Chrome/51.0.2704.103 Safari/537.36"
::1 - - [24/Jul/2016:03:53:15 +0000] "GET /form HTTP/1.1" 500 1560 "-" "Mozilla/5.0 (Windows NT 6.1; WOW64) AppleWebKit/537.36 (KHTML, like Gecko) Chrome/51.0.2704.103 Safari/537.36"
::1 - - [24/Jul/2016:03:54:47 +0000] "GET /form HTTP/1.1" 500 1563 "-" "Mozilla/5.0 (Windows NT 6.1; WOW64) AppleWebKit/537.36 (KHTML, like Gecko) Chrome/51.0.2704.103 Safari/537.36"
::1 - - [24/Jul/2016:03:56:22 +0000] "GET /form HTTP/1.1" 500 1563 "-" "Mozilla/5.0 (Windows NT 6.1; WOW64) AppleWebKit/537.36 (KHTML, like Gecko) Chrome/51.0.2704.103 Safari/537.36"
::1 - - [24/Jul/2016:03:56:22 +0000] "GET /form HTTP/1.1" 500 1563 "-" "Mozilla/5.0 (Windows NT 6.1; WOW64) AppleWebKit/537.36 (KHTML, like Gecko) Chrome/51.0.2704.103 Safari/537.36"
::1 - - [24/Jul/2016:03:56:23 +0000] "GET /form HTTP/1.1" 500 1563 "-" "Mozilla/5.0 (Windows NT 6.1; WOW64) AppleWebKit/537.36 (KHTML, like Gecko) Chrome/51.0.2704.103 Safari/537.36"
::1 - - [24/Jul/2016:03:58:23 +0000] "GET /form HTTP/1.1" 500 1562 "-" "Mozilla/5.0 (Windows NT 6.1; WOW64) AppleWebKit/537.36 (KHTML, like Gecko) Chrome/51.0.2704.103 Safari/537.36"
::1 - - [24/Jul/2016:03:59:28 +0000] "GET /form HTTP/1.1" 200 76 "-" "Mozilla/5.0 (Windows NT 6.1; WOW64) AppleWebKit/537.36 (KHTML, like Gecko) Chrome/51.0.2704.103 Safari/537.36"
::1 - - [24/Jul/2016:03:59:35 +0000] "GET /form HTTP/1.1" 500 1562 "-" "Mozilla/5.0 (Windows NT 6.1; WOW64) AppleWebKit/537.36 (KHTML, like Gecko) Chrome/51.0.2704.103 Safari/537.36"
::1 - - [24/Jul/2016:03:59:40 +0000] "GET /form HTTP/1.1" 500 1562 "-" "Mozilla/5.0 (Windows NT 6.1; WOW64) AppleWebKit/537.36 (KHTML, like Gecko) Chrome/51.0.2704.103 Safari/537.36"
::1 - - [24/Jul/2016:03:59:55 +0000] "GET /form HTTP/1.1" 500 1562 "-" "Mozilla/5.0 (Windows NT 6.1; WOW64) AppleWebKit/537.36 (KHTML, like Gecko) Chrome/51.0.2704.103 Safari/537.36"
::1 - - [24/Jul/2016:03:59:57 +0000] "GET /form HTTP/1.1" 500 1562 "-" "Mozilla/5.0 (Windows NT 6.1; WOW64) AppleWebKit/537.36 (KHTML, like Gecko) Chrome/51.0.2704.103 Safari/537.36"
::1 - - [24/Jul/2016:04:00:11 +0000] "GET /form HTTP/1.1" 200 126 "-" "Mozilla/5.0 (Windows NT 6.1; WOW64) AppleWebKit/537.36 (KHTML, like Gecko) Chrome/51.0.2704.103 Safari/537.36"
::1 - - [24/Jul/2016:04:01:22 +0000] "GET /form HTTP/1.1" 500 1562 "-" "Mozilla/5.0 (Windows NT 6.1; WOW64) AppleWebKit/537.36 (KHTML, like Gecko) Chrome/51.0.2704.103 Safari/537.36"
::1 - - [24/Jul/2016:04:02:41 +0000] "GET /form HTTP/1.1" 500 1429 "-" "Mozilla/5.0 (Windows NT 6.1; WOW64) AppleWebKit/537.36 (KHTML, like Gecko) Chrome/51.0.2704.103 Safari/537.36"
::1 - - [24/Jul/2016:04:03:02 +0000] "GET /form HTTP/1.1" 200 245 "-" "Mozilla/5.0 (Windows NT 6.1; WOW64) AppleWebKit/537.36 (KHTML, like Gecko) Chrome/51.0.2704.103 Safari/537.36"
::1 - - [24/Jul/2016:04:03:08 +0000] "POST /form/submit HTTP/1.1" 200 15 "http://localhost/form" "Mozilla/5.0 (Windows NT 6.1; WOW64) AppleWebKit/537.36 (KHTML, like Gecko) Chrome/51.0.2704.103 Safari/537.36"
